TN:
SF:src/app.controller.ts
FN:6,(anonymous_2)
FN:9,(anonymous_3)
FNF:2
FNH:2
FNDA:1,(anonymous_2)
FNDA:1,(anonymous_3)
DA:1,1
DA:2,1
DA:5,1
DA:6,1
DA:8,1
DA:10,1
LF:6
LH:6
BRF:0
BRH:0
end_of_record
TN:
SF:src/app.module.ts
FNF:0
FNH:0
DA:1,0
DA:2,0
DA:3,0
DA:4,0
DA:5,0
DA:15,0
LF:6
LH:0
BRF:0
BRH:0
end_of_record
TN:
SF:src/app.service.ts
FN:5,(anonymous_1)
FNF:1
FNH:1
FNDA:1,(anonymous_1)
DA:1,1
DA:4,1
DA:6,1
LF:3
LH:3
BRF:0
BRH:0
end_of_record
TN:
SF:src/main.ts
FN:6,(anonymous_0)
FN:20,(anonymous_1)
FNF:2
FNH:0
FNDA:0,(anonymous_0)
FNDA:0,(anonymous_1)
DA:1,0
DA:2,0
DA:3,0
DA:4,0
DA:6,0
DA:7,0
DA:8,0
DA:9,0
DA:10,0
DA:16,0
DA:18,0
DA:19,0
DA:20,0
DA:23,0
LF:14
LH:0
BRDA:18,0,0,0
BRF:1
BRH:0
end_of_record
TN:
SF:src/pipes/parse-mongo-id/parse-mongo-id.pipe.ts
FN:7,(anonymous_1)
FN:8,(anonymous_2)
FNF:2
FNH:2
FNDA:2,(anonymous_1)
FNDA:2,(anonymous_2)
DA:1,3
DA:2,3
DA:3,3
DA:6,3
DA:8,2
DA:9,2
DA:10,1
DA:12,1
LF:8
LH:8
BRDA:9,0,0,1
BRDA:9,0,1,1
BRF:2
BRH:2
end_of_record
TN:
SF:src/routes/task/task.controller.ts
FN:25,(anonymous_4)
FN:28,(anonymous_5)
FN:33,(anonymous_6)
FN:38,(anonymous_7)
FN:43,(anonymous_8)
FN:47,(anonymous_9)
FNF:6
FNH:0
FNDA:0,(anonymous_4)
FNDA:0,(anonymous_5)
FNDA:0,(anonymous_6)
FNDA:0,(anonymous_7)
FNDA:0,(anonymous_8)
FNDA:0,(anonymous_9)
DA:1,2
DA:2,2
DA:13,2
DA:15,2
DA:16,2
DA:19,2
DA:20,2
DA:24,2
DA:25,0
DA:26,2
DA:29,0
DA:31,2
DA:34,0
DA:38,2
DA:39,0
DA:43,2
DA:44,0
DA:46,2
DA:51,0
LF:19
LH:13
BRF:0
BRH:0
end_of_record
TN:
SF:src/routes/task/task.module.ts
FNF:0
FNH:0
DA:1,2
DA:2,2
DA:3,2
DA:4,2
DA:5,2
DA:14,2
LF:6
LH:6
BRF:0
BRH:0
end_of_record
TN:
SF:src/routes/task/task.service.ts
FN:24,(anonymous_4)
FN:26,(anonymous_5)
FN:27,(anonymous_6)
FN:36,(anonymous_7)
FN:45,(anonymous_8)
FN:49,(anonymous_9)
FN:57,(anonymous_10)
FN:65,(anonymous_11)
FN:69,(anonymous_12)
FN:89,(anonymous_13)
FN:105,(anonymous_14)
FN:122,(anonymous_15)
FN:138,(anonymous_16)
FN:147,(anonymous_17)
FNF:14
FNH:0
FNDA:0,(anonymous_4)
FNDA:0,(anonymous_5)
FNDA:0,(anonymous_6)
FNDA:0,(anonymous_7)
FNDA:0,(anonymous_8)
FNDA:0,(anonymous_9)
FNDA:0,(anonymous_10)
FNDA:0,(anonymous_11)
FNDA:0,(anonymous_12)
FNDA:0,(anonymous_13)
FNDA:0,(anonymous_14)
FNDA:0,(anonymous_15)
FNDA:0,(anonymous_16)
FNDA:0,(anonymous_17)
DA:1,2
DA:2,2
DA:3,2
DA:7,2
DA:9,2
DA:10,2
DA:13,2
DA:20,2
DA:23,2
DA:24,0
DA:27,0
DA:28,0
DA:29,0
DA:33,0
DA:37,0
DA:38,0
DA:40,0
DA:46,0
DA:47,0
DA:50,0
DA:51,0
DA:52,0
DA:54,0
DA:58,0
DA:59,0
DA:66,0
DA:70,0
DA:71,0
DA:72,0
DA:75,0
DA:76,0
DA:77,0
DA:79,0
DA:80,0
DA:81,0
DA:88,0
DA:89,0
DA:90,0
DA:93,0
DA:96,0
DA:106,0
DA:107,0
DA:108,0
DA:113,0
DA:116,0
DA:123,0
DA:130,0
DA:131,0
DA:135,0
DA:139,0
DA:140,0
DA:141,0
DA:142,0
DA:148,0
LF:54
LH:9
BRDA:28,0,0,0
BRDA:51,1,0,0
BRDA:70,2,0,0
BRDA:70,2,1,0
BRDA:70,3,0,0
BRDA:70,3,1,0
BRDA:75,4,0,0
BRDA:93,5,0,0
BRDA:93,5,1,0
BRDA:107,6,0,0
BRDA:130,7,0,0
BRDA:140,8,0,0
BRF:12
BRH:0
end_of_record
TN:
SF:src/routes/task/constants/data.ts
FNF:0
FNH:0
DA:1,2
DA:3,2
LF:2
LH:2
BRF:0
BRH:0
end_of_record
TN:
SF:src/routes/task/constants/task-status.ts
FN:1,(anonymous_0)
FNF:1
FNH:1
FNDA:2,(anonymous_0)
DA:1,2
DA:2,2
DA:3,2
DA:4,2
DA:11,2
LF:5
LH:5
BRDA:1,0,0,2
BRDA:1,0,1,2
BRF:2
BRH:2
end_of_record
TN:
SF:src/routes/task/dto/create-task.dto.ts
FNF:0
FNH:0
DA:1,2
DA:3,2
DA:4,2
DA:7,2
DA:10,2
LF:5
LH:5
BRF:0
BRH:0
end_of_record
TN:
SF:src/routes/task/dto/update-task.dto.ts
FNF:0
FNH:0
DA:1,2
DA:2,2
DA:3,2
DA:5,2
DA:6,2
LF:5
LH:5
BRF:0
BRH:0
end_of_record
TN:
SF:src/routes/task/entities/task.entity.ts
FNF:0
FNH:0
DA:1,2
DA:2,2
DA:3,2
DA:7,2
DA:8,2
DA:10,2
DA:12,2
DA:14,2
DA:22,2
LF:9
LH:9
BRF:0
BRH:0
end_of_record
TN:
SF:src/routes/task/interceptors/response.interceptor.ts
FN:20,(anonymous_1)
FN:25,(anonymous_2)
FNF:2
FNH:0
FNDA:0,(anonymous_1)
FNDA:0,(anonymous_2)
DA:1,2
DA:8,2
DA:17,2
DA:24,0
DA:25,0
LF:5
LH:3
BRF:0
BRH:0
end_of_record
TN:
SF:src/routes/task/interface/response-task-byid.ts
FN:15,(anonymous_0)
FN:21,(anonymous_1)
FNF:2
FNH:0
FNDA:0,(anonymous_0)
FNDA:0,(anonymous_1)
DA:1,2
DA:3,2
DA:15,2
DA:18,0
DA:21,0
LF:5
LH:3
BRF:0
BRH:0
end_of_record
TN:
SF:src/utils/transform.ts
FN:2,(anonymous_0)
FNF:1
FNH:0
FNDA:0,(anonymous_0)
DA:1,2
DA:3,0
LF:2
LH:1
BRF:0
BRH:0
end_of_record
TN:
SF:src/utils/test-utils/mongodb-handler.ts
FN:6,(anonymous_0)
FN:9,(anonymous_1)
FN:20,(anonymous_2)
FN:21,(anonymous_3)
FN:23,(anonymous_4)
FN:28,(anonymous_5)
FNF:6
FNH:1
FNDA:2,(anonymous_0)
FNDA:0,(anonymous_1)
FNDA:0,(anonymous_2)
FNDA:0,(anonymous_3)
FNDA:0,(anonymous_4)
FNDA:0,(anonymous_5)
DA:1,2
DA:2,2
DA:3,2
DA:5,2
DA:6,2
DA:7,2
DA:9,2
DA:12,0
DA:13,0
DA:18,0
DA:20,0
DA:21,0
DA:23,0
DA:24,0
DA:25,0
DA:28,2
DA:29,0
DA:30,0
LF:18
LH:8
BRF:0
BRH:0
end_of_record
TN:
SF:src/utils/test-utils/fixtures/tasks.ts
FNF:0
FNH:0
DA:1,0
DA:3,0
LF:2
LH:0
BRF:0
BRH:0
end_of_record
